Test (2C): basic persistence ...
--- FAIL: TestPersist12C (11.07s)
    config.go:609: one(12) failed to reach agreement
Test (2C): more persistence ...
--- FAIL: TestPersist22C (12.84s)
    config.go:609: one(13) failed to reach agreement
Test (2C): partitioned leader and one follower crash, leader restarts ...
--- FAIL: TestPersist32C (11.87s)
    config.go:609: one(103) failed to reach agreement
Test (2C): Figure 8 ...
--- FAIL: TestFigure82C (38.05s)
    config.go:609: one(8893188761271443024) failed to reach agreement
Test (2C): unreliable agreement ...
--- FAIL: TestUnreliableAgree2C (10.45s)
    config.go:609: one(1) failed to reach agreement
    config.go:609: one(100) failed to reach agreement
    config.go:609: one(103) failed to reach agreement
panic: Fail in goroutine after TestUnreliableAgree2C has completed

goroutine 12112 [running]:
testing.(*common).Fail(0xc0003cd860)
	/usr/local/go/src/testing/testing.go:952 +0x194
testing.(*common).FailNow(0xc0003cd860)
	/usr/local/go/src/testing/testing.go:975 +0x4f
testing.(*common).Fatalf(0xc0003cd860, {0x774fee, 0x21}, {0xc000157ee8, 0x1, 0x1})
	/usr/local/go/src/testing/testing.go:1083 +0xa5
6.824/raft.(*config).one(0xc000192640, {0x721fa0?, 0x94ae68}, 0x1, 0x1)
	/home/hoang/go-projects/6.824labs/labs/src/raft/config.go:609 +0x205
6.824/raft.TestUnreliableAgree2C.func1(0x1, 0x1)
	/home/hoang/go-projects/6.824labs/labs/src/raft/test_test.go:877 +0xc5
created by 6.824/raft.TestUnreliableAgree2C in goroutine 12135
	/home/hoang/go-projects/6.824labs/labs/src/raft/test_test.go:875 +0x208
exit status 2
FAIL	6.824/raft	84.296s
