Test (2C): basic persistence ...
--- FAIL: TestPersist12C (11.15s)
    config.go:609: one(12) failed to reach agreement
Test (2C): more persistence ...
--- FAIL: TestPersist22C (12.75s)
    config.go:609: one(13) failed to reach agreement
Test (2C): partitioned leader and one follower crash, leader restarts ...
--- FAIL: TestPersist32C (11.76s)
    config.go:609: one(103) failed to reach agreement
Test (2C): Figure 8 ...
--- FAIL: TestFigure82C (44.68s)
    config.go:609: one(5567379286763596957) failed to reach agreement
Test (2C): unreliable agreement ...
--- FAIL: TestUnreliableAgree2C (10.59s)
    config.go:609: one(102) failed to reach agreement
    config.go:609: one(103) failed to reach agreement
    config.go:609: one(101) failed to reach agreement
    config.go:609: one(202) failed to reach agreement
    config.go:609: one(2) failed to reach agreement
panic: Fail in goroutine after TestUnreliableAgree2C has completed

goroutine 12932 [running]:
testing.(*common).Fail(0xc00034c340)
	/usr/local/go/src/testing/testing.go:952 +0x194
testing.(*common).FailNow(0xc00034c340)
	/usr/local/go/src/testing/testing.go:975 +0x4f
testing.(*common).Fatalf(0xc00034c340, {0x774fee, 0x21}, {0xc000657ee8, 0x1, 0x1})
	/usr/local/go/src/testing/testing.go:1083 +0xa5
6.824/raft.(*config).one(0xc0000ec640, {0x721fa0?, 0x94b190}, 0x1, 0x1)
	/home/hoang/go-projects/6.824labs/labs/src/raft/config.go:609 +0x205
6.824/raft.TestUnreliableAgree2C.func1(0x2, 0x2)
	/home/hoang/go-projects/6.824labs/labs/src/raft/test_test.go:877 +0xc5
created by 6.824/raft.TestUnreliableAgree2C in goroutine 12799
	/home/hoang/go-projects/6.824labs/labs/src/raft/test_test.go:875 +0x208
exit status 2
FAIL	6.824/raft	90.948s
