Test (2C): basic persistence ...
--- FAIL: TestPersist12C (11.07s)
    config.go:609: one(12) failed to reach agreement
Test (2C): more persistence ...
--- FAIL: TestPersist22C (12.87s)
    config.go:609: one(13) failed to reach agreement
Test (2C): partitioned leader and one follower crash, leader restarts ...
--- FAIL: TestPersist32C (11.81s)
    config.go:609: one(103) failed to reach agreement
Test (2C): Figure 8 ...
--- FAIL: TestFigure82C (41.50s)
    config.go:609: one(6820006747812261373) failed to reach agreement
Test (2C): unreliable agreement ...
--- FAIL: TestUnreliableAgree2C (10.51s)
    config.go:609: one(100) failed to reach agreement
    config.go:609: one(103) failed to reach agreement
    config.go:609: one(1) failed to reach agreement
Test (2C): Figure 8 (unreliable) ...
--- FAIL: TestFigure8Unreliable2C (10.49s)
    config.go:609: one(8086) failed to reach agreement
Test (2C): churn ...
--- FAIL: TestReliableChurn2C (26.23s)
    config.go:609: one(5477107774930260459) failed to reach agreement
Test (2C): unreliable churn ...
--- FAIL: TestUnreliableChurn2C (26.23s)
    config.go:609: one(2135568572885796559) failed to reach agreement
FAIL
exit status 1
FAIL	6.824/raft	150.727s
